2019-06-19 16:00:36,376-----DEBUG------ 这是debug级别的日志
2019-06-19 16:00:36,377-----INFO------这是info级别的日志
2019-06-19 16:00:36,377-----WARNING------这是warning级别的日志
2019-06-19 16:00:36,377-----ERROR------这是error级别的日志
2019-06-19 16:00:36,377-----CRITICAL------这是caritical级别的日志
2019-06-19 17:34:36,370-----DEBUG------ 这是debug级别的日志
2019-06-19 17:34:36,371-----INFO------这是info级别的日志
2019-06-19 17:34:36,371-----WARNING------这是warning级别的日志
2019-06-19 17:34:36,371-----ERROR------这是error级别的日志
2019-06-19 17:34:36,371-----CRITICAL------这是caritical级别的日志
2019-06-19 17:35:25,110-----DEBUG------ 这是debug级别的日志
2019-06-19 17:35:25,110-----INFO------这是info级别的日志
2019-06-19 17:35:25,111-----WARNING------这是warning级别的日志
2019-06-19 17:35:25,111-----ERROR------这是error级别的日志
2019-06-19 17:35:25,112-----CRITICAL------这是caritical级别的日志
2019-06-19 17:36:53,518-----DEBUG------ 这是debug级别的日志
2019-06-19 17:36:53,518-----INFO------这是info级别的日志
2019-06-19 17:36:53,518-----WARNING------这是warning级别的日志
2019-06-19 17:36:53,518-----ERROR------这是error级别的日志
2019-06-19 17:36:53,518-----CRITICAL------这是caritical级别的日志
2019-06-19 17:36:53,523-----DEBUG------案例2----debug message
2019-06-19 17:36:53,523-----INFO------案例2----info message
2019-06-19 17:36:53,523-----WARNING------案例2----warning message
2019-06-19 17:36:53,523-----ERROR------案例2----error message
2019-06-19 17:36:53,524-----CRITICAL------案例2----critical message
